<?xml version="1.0" encoding="UTF-8"?>
<testsuite xmlns:xsi="http://www.w3.org/2001/XMLSchema-instance" xsi:noNamespaceSchemaLocation="https://maven.apache.org/surefire/maven-surefire-plugin/xsd/surefire-test-report-3.0.xsd" version="3.0" name="no.ntnu.idatt1005.data.TagTest$NegativeTests" time="0.003" tests="4" errors="0" skipped="0" failures="0">
  <properties>
    <property name="java.specification.version" value="21"/>
    <property name="sun.jnu.encoding" value="UTF-8"/>
    <property name="java.class.path" value="/home/larsandre/Documents/studie/idatt1005-systemutvikling/Mat register app/target/test-classes:/home/larsandre/Documents/studie/idatt1005-systemutvikling/Mat register app/target/classes:/home/larsandre/.m2/repository/org/openjfx/javafx-controls/21.0.1/javafx-controls-21.0.1.jar:/home/larsandre/.m2/repository/org/openjfx/javafx-controls/21.0.1/javafx-controls-21.0.1-linux.jar:/home/larsandre/.m2/repository/org/openjfx/javafx-fxml/21.0.1/javafx-fxml-21.0.1.jar:/home/larsandre/.m2/repository/org/openjfx/javafx-fxml/21.0.1/javafx-fxml-21.0.1-linux.jar:/home/larsandre/.m2/repository/org/openjfx/javafx-base/21.0.1/javafx-base-21.0.1.jar:/home/larsandre/.m2/repository/org/openjfx/javafx-base/21.0.1/javafx-base-21.0.1-linux.jar:/home/larsandre/.m2/repository/org/openjfx/javafx-graphics/21.0.1/javafx-graphics-21.0.1.jar:/home/larsandre/.m2/repository/org/openjfx/javafx-graphics/21.0.1/javafx-graphics-21.0.1-linux.jar:/home/larsandre/.m2/repository/org/openjfx/javafx-web/11.0.2/javafx-web-11.0.2.jar:/home/larsandre/.m2/repository/org/openjfx/javafx-web/11.0.2/javafx-web-11.0.2-linux.jar:/home/larsandre/.m2/repository/org/openjfx/javafx-media/11.0.2/javafx-media-11.0.2.jar:/home/larsandre/.m2/repository/org/openjfx/javafx-media/11.0.2/javafx-media-11.0.2-linux.jar:/home/larsandre/.m2/repository/org/openjfx/javafx-swing/11.0.2/javafx-swing-11.0.2.jar:/home/larsandre/.m2/repository/org/openjfx/javafx-swing/11.0.2/javafx-swing-11.0.2-linux.jar:/home/larsandre/.m2/repository/org/junit/jupiter/junit-jupiter-api/5.10.2/junit-jupiter-api-5.10.2.jar:/home/larsandre/.m2/repository/org/opentest4j/opentest4j/1.3.0/opentest4j-1.3.0.jar:/home/larsandre/.m2/repository/org/junit/platform/junit-platform-commons/1.10.2/junit-platform-commons-1.10.2.jar:/home/larsandre/.m2/repository/org/apiguardian/apiguardian-api/1.1.2/apiguardian-api-1.1.2.jar:/home/larsandre/.m2/repository/org/junit/jupiter/junit-jupiter-engine/5.10.2/junit-jupiter-engine-5.10.2.jar:/home/larsandre/.m2/repository/org/junit/platform/junit-platform-engine/1.10.2/junit-platform-engine-1.10.2.jar:/home/larsandre/.m2/repository/ch/qos/logback/logback-core/1.5.3/logback-core-1.5.3.jar:/home/larsandre/.m2/repository/ch/qos/logback/logback-classic/1.5.3/logback-classic-1.5.3.jar:/home/larsandre/.m2/repository/org/slf4j/slf4j-api/2.0.12/slf4j-api-2.0.12.jar:/home/larsandre/.m2/repository/org/slf4j/slf4j-simple/2.0.12/slf4j-simple-2.0.12.jar:/home/larsandre/.m2/repository/org/apache/maven/plugins/maven-assembly-plugin/3.3.0/maven-assembly-plugin-3.3.0.jar:/home/larsandre/.m2/repository/org/apache/maven/maven-plugin-api/3.0/maven-plugin-api-3.0.jar:/home/larsandre/.m2/repository/org/sonatype/sisu/sisu-inject-plexus/1.4.2/sisu-inject-plexus-1.4.2.jar:/home/larsandre/.m2/repository/org/sonatype/sisu/sisu-inject-bean/1.4.2/sisu-inject-bean-1.4.2.jar:/home/larsandre/.m2/repository/org/sonatype/sisu/sisu-guice/2.1.7/sisu-guice-2.1.7-noaop.jar:/home/larsandre/.m2/repository/org/apache/maven/maven-core/3.0/maven-core-3.0.jar:/home/larsandre/.m2/repository/org/apache/maven/maven-settings/3.0/maven-settings-3.0.jar:/home/larsandre/.m2/repository/org/apache/maven/maven-settings-builder/3.0/maven-settings-builder-3.0.jar:/home/larsandre/.m2/repository/org/apache/maven/maven-repository-metadata/3.0/maven-repository-metadata-3.0.jar:/home/larsandre/.m2/repository/org/apache/maven/maven-model-builder/3.0/maven-model-builder-3.0.jar:/home/larsandre/.m2/repository/org/apache/maven/maven-aether-provider/3.0/maven-aether-provider-3.0.jar:/home/larsandre/.m2/repository/org/sonatype/aether/aether-impl/1.7/aether-impl-1.7.jar:/home/larsandre/.m2/repository/org/sonatype/aether/aether-spi/1.7/aether-spi-1.7.jar:/home/larsandre/.m2/repository/org/sonatype/aether/aether-api/1.7/aether-api-1.7.jar:/home/larsandre/.m2/repository/org/sonatype/aether/aether-util/1.7/aether-util-1.7.jar:/home/larsandre/.m2/repository/org/codehaus/plexus/plexus-classworlds/2.2.3/plexus-classworlds-2.2.3.jar:/home/larsandre/.m2/repository/org/codehaus/plexus/plexus-component-annotations/1.5.5/plexus-component-annotations-1.5.5.jar:/home/larsandre/.m2/repository/org/sonatype/plexus/plexus-sec-dispatcher/1.3/plexus-sec-dispatcher-1.3.jar:/home/larsandre/.m2/repository/org/sonatype/plexus/plexus-cipher/1.4/plexus-cipher-1.4.jar:/home/larsandre/.m2/repository/org/apache/maven/maven-artifact/3.0/maven-artifact-3.0.jar:/home/larsandre/.m2/repository/org/apache/maven/maven-model/3.0/maven-model-3.0.jar:/home/larsandre/.m2/repository/org/apache/maven/shared/maven-common-artifact-filters/3.1.0/maven-common-artifact-filters-3.1.0.jar:/home/larsandre/.m2/repository/org/apache/maven/shared/maven-shared-utils/3.1.0/maven-shared-utils-3.1.0.jar:/home/larsandre/.m2/repository/org/apache/maven/shared/maven-artifact-transfer/0.11.0/maven-artifact-transfer-0.11.0.jar:/home/larsandre/.m2/repository/org/codehaus/plexus/plexus-interpolation/1.25/plexus-interpolation-1.25.jar:/home/larsandre/.m2/repository/org/codehaus/plexus/plexus-archiver/4.2.1/plexus-archiver-4.2.1.jar:/home/larsandre/.m2/repository/org/apache/commons/commons-compress/1.19/commons-compress-1.19.jar:/home/larsandre/.m2/repository/org/iq80/snappy/snappy/0.4/snappy-0.4.jar:/home/larsandre/.m2/repository/org/tukaani/xz/1.8/xz-1.8.jar:/home/larsandre/.m2/repository/org/apache/maven/shared/file-management/3.0.0/file-management-3.0.0.jar:/home/larsandre/.m2/repository/org/apache/maven/shared/maven-shared-io/3.0.0/maven-shared-io-3.0.0.jar:/home/larsandre/.m2/repository/org/apache/maven/maven-compat/3.0/maven-compat-3.0.jar:/home/larsandre/.m2/repository/org/apache/maven/wagon/wagon-provider-api/2.10/wagon-provider-api-2.10.jar:/home/larsandre/.m2/repository/commons-io/commons-io/2.5/commons-io-2.5.jar:/home/larsandre/.m2/repository/org/apache/maven/shared/maven-filtering/3.1.1/maven-filtering-3.1.1.jar:/home/larsandre/.m2/repository/org/sonatype/plexus/plexus-build-api/0.0.7/plexus-build-api-0.0.7.jar:/home/larsandre/.m2/repository/org/codehaus/plexus/plexus-io/3.2.0/plexus-io-3.2.0.jar:/home/larsandre/.m2/repository/org/apache/maven/maven-archiver/3.5.0/maven-archiver-3.5.0.jar:/home/larsandre/.m2/repository/org/codehaus/plexus/plexus-utils/3.3.0/plexus-utils-3.3.0.jar:/home/larsandre/.m2/repository/commons-codec/commons-codec/1.6/commons-codec-1.6.jar:/home/larsandre/.m2/repository/org/springframework/boot/spring-boot-starter-test/3.2.3/spring-boot-starter-test-3.2.3.jar:/home/larsandre/.m2/repository/org/springframework/boot/spring-boot-starter/3.2.3/spring-boot-starter-3.2.3.jar:/home/larsandre/.m2/repository/org/springframework/boot/spring-boot/3.2.3/spring-boot-3.2.3.jar:/home/larsandre/.m2/repository/org/springframework/boot/spring-boot-autoconfigure/3.2.3/spring-boot-autoconfigure-3.2.3.jar:/home/larsandre/.m2/repository/org/springframework/boot/spring-boot-starter-logging/3.2.3/spring-boot-starter-logging-3.2.3.jar:/home/larsandre/.m2/repository/org/apache/logging/log4j/log4j-to-slf4j/2.21.1/log4j-to-slf4j-2.21.1.jar:/home/larsandre/.m2/repository/org/apache/logging/log4j/log4j-api/2.21.1/log4j-api-2.21.1.jar:/home/larsandre/.m2/repository/org/slf4j/jul-to-slf4j/2.0.12/jul-to-slf4j-2.0.12.jar:/home/larsandre/.m2/repository/jakarta/annotation/jakarta.annotation-api/2.1.1/jakarta.annotation-api-2.1.1.jar:/home/larsandre/.m2/repository/org/yaml/snakeyaml/2.2/snakeyaml-2.2.jar:/home/larsandre/.m2/repository/org/springframework/boot/spring-boot-test/3.2.3/spring-boot-test-3.2.3.jar:/home/larsandre/.m2/repository/org/springframework/boot/spring-boot-test-autoconfigure/3.2.3/spring-boot-test-autoconfigure-3.2.3.jar:/home/larsandre/.m2/repository/com/jayway/jsonpath/json-path/2.9.0/json-path-2.9.0.jar:/home/larsandre/.m2/repository/jakarta/xml/bind/jakarta.xml.bind-api/4.0.1/jakarta.xml.bind-api-4.0.1.jar:/home/larsandre/.m2/repository/jakarta/activation/jakarta.activation-api/2.1.2/jakarta.activation-api-2.1.2.jar:/home/larsandre/.m2/repository/net/minidev/json-smart/2.5.0/json-smart-2.5.0.jar:/home/larsandre/.m2/repository/net/minidev/accessors-smart/2.5.0/accessors-smart-2.5.0.jar:/home/larsandre/.m2/repository/org/ow2/asm/asm/9.3/asm-9.3.jar:/home/larsandre/.m2/repository/org/assertj/assertj-core/3.24.2/assertj-core-3.24.2.jar:/home/larsandre/.m2/repository/net/bytebuddy/byte-buddy/1.12.21/byte-buddy-1.12.21.jar:/home/larsandre/.m2/repository/org/awaitility/awaitility/4.2.0/awaitility-4.2.0.jar:/home/larsandre/.m2/repository/org/hamcrest/hamcrest/2.2/hamcrest-2.2.jar:/home/larsandre/.m2/repository/org/junit/jupiter/junit-jupiter/5.10.2/junit-jupiter-5.10.2.jar:/home/larsandre/.m2/repository/org/junit/jupiter/junit-jupiter-params/5.10.2/junit-jupiter-params-5.10.2.jar:/home/larsandre/.m2/repository/org/mockito/mockito-core/5.7.0/mockito-core-5.7.0.jar:/home/larsandre/.m2/repository/net/bytebuddy/byte-buddy-agent/1.14.9/byte-buddy-agent-1.14.9.jar:/home/larsandre/.m2/repository/org/objenesis/objenesis/3.3/objenesis-3.3.jar:/home/larsandre/.m2/repository/org/mockito/mockito-junit-jupiter/5.7.0/mockito-junit-jupiter-5.7.0.jar:/home/larsandre/.m2/repository/org/skyscreamer/jsonassert/1.5.1/jsonassert-1.5.1.jar:/home/larsandre/.m2/repository/com/vaadin/external/google/android-json/0.0.20131108.vaadin1/android-json-0.0.20131108.vaadin1.jar:/home/larsandre/.m2/repository/org/springframework/spring-core/6.1.4/spring-core-6.1.4.jar:/home/larsandre/.m2/repository/org/springframework/spring-jcl/6.1.4/spring-jcl-6.1.4.jar:/home/larsandre/.m2/repository/org/springframework/spring-test/6.1.4/spring-test-6.1.4.jar:/home/larsandre/.m2/repository/org/xmlunit/xmlunit-core/2.9.1/xmlunit-core-2.9.1.jar:/home/larsandre/.m2/repository/org/hibernate/validator/hibernate-validator/8.0.1.Final/hibernate-validator-8.0.1.Final.jar:/home/larsandre/.m2/repository/jakarta/validation/jakarta.validation-api/3.0.2/jakarta.validation-api-3.0.2.jar:/home/larsandre/.m2/repository/org/jboss/logging/jboss-logging/3.4.3.Final/jboss-logging-3.4.3.Final.jar:/home/larsandre/.m2/repository/com/fasterxml/classmate/1.5.1/classmate-1.5.1.jar:/home/larsandre/.m2/repository/org/springframework/boot/spring-boot-starter-data-jpa/3.2.3/spring-boot-starter-data-jpa-3.2.3.jar:/home/larsandre/.m2/repository/org/springframework/boot/spring-boot-starter-jdbc/3.2.3/spring-boot-starter-jdbc-3.2.3.jar:/home/larsandre/.m2/repository/com/zaxxer/HikariCP/5.0.1/HikariCP-5.0.1.jar:/home/larsandre/.m2/repository/org/springframework/spring-jdbc/6.1.4/spring-jdbc-6.1.4.jar:/home/larsandre/.m2/repository/org/hibernate/orm/hibernate-core/6.4.4.Final/hibernate-core-6.4.4.Final.jar:/home/larsandre/.m2/repository/jakarta/persistence/jakarta.persistence-api/3.1.0/jakarta.persistence-api-3.1.0.jar:/home/larsandre/.m2/repository/jakarta/transaction/jakarta.transaction-api/2.0.1/jakarta.transaction-api-2.0.1.jar:/home/larsandre/.m2/repository/org/hibernate/common/hibernate-commons-annotations/6.0.6.Final/hibernate-commons-annotations-6.0.6.Final.jar:/home/larsandre/.m2/repository/io/smallrye/jandex/3.1.2/jandex-3.1.2.jar:/home/larsandre/.m2/repository/org/glassfish/jaxb/jaxb-runtime/4.0.2/jaxb-runtime-4.0.2.jar:/home/larsandre/.m2/repository/org/glassfish/jaxb/jaxb-core/4.0.2/jaxb-core-4.0.2.jar:/home/larsandre/.m2/repository/org/eclipse/angus/angus-activation/2.0.0/angus-activation-2.0.0.jar:/home/larsandre/.m2/repository/org/glassfish/jaxb/txw2/4.0.2/txw2-4.0.2.jar:/home/larsandre/.m2/repository/com/sun/istack/istack-commons-runtime/4.1.1/istack-commons-runtime-4.1.1.jar:/home/larsandre/.m2/repository/jakarta/inject/jakarta.inject-api/2.0.1/jakarta.inject-api-2.0.1.jar:/home/larsandre/.m2/repository/org/antlr/antlr4-runtime/4.13.0/antlr4-runtime-4.13.0.jar:/home/larsandre/.m2/repository/org/springframework/data/spring-data-jpa/3.2.3/spring-data-jpa-3.2.3.jar:/home/larsandre/.m2/repository/org/springframework/data/spring-data-commons/3.2.3/spring-data-commons-3.2.3.jar:/home/larsandre/.m2/repository/org/springframework/spring-orm/6.1.4/spring-orm-6.1.4.jar:/home/larsandre/.m2/repository/org/springframework/spring-context/6.1.4/spring-context-6.1.4.jar:/home/larsandre/.m2/repository/org/springframework/spring-expression/6.1.4/spring-expression-6.1.4.jar:/home/larsandre/.m2/repository/io/micrometer/micrometer-observation/1.12.3/micrometer-observation-1.12.3.jar:/home/larsandre/.m2/repository/io/micrometer/micrometer-commons/1.12.3/micrometer-commons-1.12.3.jar:/home/larsandre/.m2/repository/org/springframework/spring-tx/6.1.4/spring-tx-6.1.4.jar:/home/larsandre/.m2/repository/org/springframework/spring-beans/6.1.4/spring-beans-6.1.4.jar:/home/larsandre/.m2/repository/org/springframework/spring-aspects/6.1.4/spring-aspects-6.1.4.jar:/home/larsandre/.m2/repository/org/springframework/boot/spring-boot-starter-aop/3.2.4/spring-boot-starter-aop-3.2.4.jar:/home/larsandre/.m2/repository/org/springframework/spring-aop/6.1.5/spring-aop-6.1.5.jar:/home/larsandre/.m2/repository/org/aspectj/aspectjweaver/1.9.21/aspectjweaver-1.9.21.jar:/home/larsandre/.m2/repository/com/mysql/mysql-connector-j/8.0.33/mysql-connector-j-8.0.33.jar:/home/larsandre/.m2/repository/com/google/protobuf/protobuf-java/3.21.9/protobuf-java-3.21.9.jar:/home/larsandre/.m2/repository/com/h2database/h2/2.2.224/h2-2.2.224.jar:/home/larsandre/.m2/repository/junit/junit/4.13.1/junit-4.13.1.jar:/home/larsandre/.m2/repository/org/hamcrest/hamcrest-core/1.3/hamcrest-core-1.3.jar:"/>
    <property name="java.vm.vendor" value="Amazon.com Inc."/>
    <property name="sun.arch.data.model" value="64"/>
    <property name="java.vendor.url" value="https://aws.amazon.com/corretto/"/>
    <property name="user.timezone" value="Europe/Oslo"/>
    <property name="org.jboss.logging.provider" value="slf4j"/>
    <property name="os.name" value="Linux"/>
    <property name="java.vm.specification.version" value="21"/>
    <property name="sun.java.launcher" value="SUN_STANDARD"/>
    <property name="user.country" value="GB"/>
    <property name="sun.boot.library.path" value="/home/larsandre/.jdks/corretto-21.0.2/lib"/>
    <property name="sun.java.command" value="/home/larsandre/Documents/studie/idatt1005-systemutvikling/Mat register app/target/surefire/surefirebooter9507210770680822640.jar /home/larsandre/Documents/studie/idatt1005-systemutvikling/Mat register app/target/surefire 2024-04-25T08-42-55_737-jvmRun1 surefire9777390527268868701tmp surefire_013900558987950212088tmp"/>
    <property name="jdk.debug" value="release"/>
    <property name="surefire.test.class.path" value="/home/larsandre/Documents/studie/idatt1005-systemutvikling/Mat register app/target/test-classes:/home/larsandre/Documents/studie/idatt1005-systemutvikling/Mat register app/target/classes:/home/larsandre/.m2/repository/org/openjfx/javafx-controls/21.0.1/javafx-controls-21.0.1.jar:/home/larsandre/.m2/repository/org/openjfx/javafx-controls/21.0.1/javafx-controls-21.0.1-linux.jar:/home/larsandre/.m2/repository/org/openjfx/javafx-fxml/21.0.1/javafx-fxml-21.0.1.jar:/home/larsandre/.m2/repository/org/openjfx/javafx-fxml/21.0.1/javafx-fxml-21.0.1-linux.jar:/home/larsandre/.m2/repository/org/openjfx/javafx-base/21.0.1/javafx-base-21.0.1.jar:/home/larsandre/.m2/repository/org/openjfx/javafx-base/21.0.1/javafx-base-21.0.1-linux.jar:/home/larsandre/.m2/repository/org/openjfx/javafx-graphics/21.0.1/javafx-graphics-21.0.1.jar:/home/larsandre/.m2/repository/org/openjfx/javafx-graphics/21.0.1/javafx-graphics-21.0.1-linux.jar:/home/larsandre/.m2/repository/org/openjfx/javafx-web/11.0.2/javafx-web-11.0.2.jar:/home/larsandre/.m2/repository/org/openjfx/javafx-web/11.0.2/javafx-web-11.0.2-linux.jar:/home/larsandre/.m2/repository/org/openjfx/javafx-media/11.0.2/javafx-media-11.0.2.jar:/home/larsandre/.m2/repository/org/openjfx/javafx-media/11.0.2/javafx-media-11.0.2-linux.jar:/home/larsandre/.m2/repository/org/openjfx/javafx-swing/11.0.2/javafx-swing-11.0.2.jar:/home/larsandre/.m2/repository/org/openjfx/javafx-swing/11.0.2/javafx-swing-11.0.2-linux.jar:/home/larsandre/.m2/repository/org/junit/jupiter/junit-jupiter-api/5.10.2/junit-jupiter-api-5.10.2.jar:/home/larsandre/.m2/repository/org/opentest4j/opentest4j/1.3.0/opentest4j-1.3.0.jar:/home/larsandre/.m2/repository/org/junit/platform/junit-platform-commons/1.10.2/junit-platform-commons-1.10.2.jar:/home/larsandre/.m2/repository/org/apiguardian/apiguardian-api/1.1.2/apiguardian-api-1.1.2.jar:/home/larsandre/.m2/repository/org/junit/jupiter/junit-jupiter-engine/5.10.2/junit-jupiter-engine-5.10.2.jar:/home/larsandre/.m2/repository/org/junit/platform/junit-platform-engine/1.10.2/junit-platform-engine-1.10.2.jar:/home/larsandre/.m2/repository/ch/qos/logback/logback-core/1.5.3/logback-core-1.5.3.jar:/home/larsandre/.m2/repository/ch/qos/logback/logback-classic/1.5.3/logback-classic-1.5.3.jar:/home/larsandre/.m2/repository/org/slf4j/slf4j-api/2.0.12/slf4j-api-2.0.12.jar:/home/larsandre/.m2/repository/org/slf4j/slf4j-simple/2.0.12/slf4j-simple-2.0.12.jar:/home/larsandre/.m2/repository/org/apache/maven/plugins/maven-assembly-plugin/3.3.0/maven-assembly-plugin-3.3.0.jar:/home/larsandre/.m2/repository/org/apache/maven/maven-plugin-api/3.0/maven-plugin-api-3.0.jar:/home/larsandre/.m2/repository/org/sonatype/sisu/sisu-inject-plexus/1.4.2/sisu-inject-plexus-1.4.2.jar:/home/larsandre/.m2/repository/org/sonatype/sisu/sisu-inject-bean/1.4.2/sisu-inject-bean-1.4.2.jar:/home/larsandre/.m2/repository/org/sonatype/sisu/sisu-guice/2.1.7/sisu-guice-2.1.7-noaop.jar:/home/larsandre/.m2/repository/org/apache/maven/maven-core/3.0/maven-core-3.0.jar:/home/larsandre/.m2/repository/org/apache/maven/maven-settings/3.0/maven-settings-3.0.jar:/home/larsandre/.m2/repository/org/apache/maven/maven-settings-builder/3.0/maven-settings-builder-3.0.jar:/home/larsandre/.m2/repository/org/apache/maven/maven-repository-metadata/3.0/maven-repository-metadata-3.0.jar:/home/larsandre/.m2/repository/org/apache/maven/maven-model-builder/3.0/maven-model-builder-3.0.jar:/home/larsandre/.m2/repository/org/apache/maven/maven-aether-provider/3.0/maven-aether-provider-3.0.jar:/home/larsandre/.m2/repository/org/sonatype/aether/aether-impl/1.7/aether-impl-1.7.jar:/home/larsandre/.m2/repository/org/sonatype/aether/aether-spi/1.7/aether-spi-1.7.jar:/home/larsandre/.m2/repository/org/sonatype/aether/aether-api/1.7/aether-api-1.7.jar:/home/larsandre/.m2/repository/org/sonatype/aether/aether-util/1.7/aether-util-1.7.jar:/home/larsandre/.m2/repository/org/codehaus/plexus/plexus-classworlds/2.2.3/plexus-classworlds-2.2.3.jar:/home/larsandre/.m2/repository/org/codehaus/plexus/plexus-component-annotations/1.5.5/plexus-component-annotations-1.5.5.jar:/home/larsandre/.m2/repository/org/sonatype/plexus/plexus-sec-dispatcher/1.3/plexus-sec-dispatcher-1.3.jar:/home/larsandre/.m2/repository/org/sonatype/plexus/plexus-cipher/1.4/plexus-cipher-1.4.jar:/home/larsandre/.m2/repository/org/apache/maven/maven-artifact/3.0/maven-artifact-3.0.jar:/home/larsandre/.m2/repository/org/apache/maven/maven-model/3.0/maven-model-3.0.jar:/home/larsandre/.m2/repository/org/apache/maven/shared/maven-common-artifact-filters/3.1.0/maven-common-artifact-filters-3.1.0.jar:/home/larsandre/.m2/repository/org/apache/maven/shared/maven-shared-utils/3.1.0/maven-shared-utils-3.1.0.jar:/home/larsandre/.m2/repository/org/apache/maven/shared/maven-artifact-transfer/0.11.0/maven-artifact-transfer-0.11.0.jar:/home/larsandre/.m2/repository/org/codehaus/plexus/plexus-interpolation/1.25/plexus-interpolation-1.25.jar:/home/larsandre/.m2/repository/org/codehaus/plexus/plexus-archiver/4.2.1/plexus-archiver-4.2.1.jar:/home/larsandre/.m2/repository/org/apache/commons/commons-compress/1.19/commons-compress-1.19.jar:/home/larsandre/.m2/repository/org/iq80/snappy/snappy/0.4/snappy-0.4.jar:/home/larsandre/.m2/repository/org/tukaani/xz/1.8/xz-1.8.jar:/home/larsandre/.m2/repository/org/apache/maven/shared/file-management/3.0.0/file-management-3.0.0.jar:/home/larsandre/.m2/repository/org/apache/maven/shared/maven-shared-io/3.0.0/maven-shared-io-3.0.0.jar:/home/larsandre/.m2/repository/org/apache/maven/maven-compat/3.0/maven-compat-3.0.jar:/home/larsandre/.m2/repository/org/apache/maven/wagon/wagon-provider-api/2.10/wagon-provider-api-2.10.jar:/home/larsandre/.m2/repository/commons-io/commons-io/2.5/commons-io-2.5.jar:/home/larsandre/.m2/repository/org/apache/maven/shared/maven-filtering/3.1.1/maven-filtering-3.1.1.jar:/home/larsandre/.m2/repository/org/sonatype/plexus/plexus-build-api/0.0.7/plexus-build-api-0.0.7.jar:/home/larsandre/.m2/repository/org/codehaus/plexus/plexus-io/3.2.0/plexus-io-3.2.0.jar:/home/larsandre/.m2/repository/org/apache/maven/maven-archiver/3.5.0/maven-archiver-3.5.0.jar:/home/larsandre/.m2/repository/org/codehaus/plexus/plexus-utils/3.3.0/plexus-utils-3.3.0.jar:/home/larsandre/.m2/repository/commons-codec/commons-codec/1.6/commons-codec-1.6.jar:/home/larsandre/.m2/repository/org/springframework/boot/spring-boot-starter-test/3.2.3/spring-boot-starter-test-3.2.3.jar:/home/larsandre/.m2/repository/org/springframework/boot/spring-boot-starter/3.2.3/spring-boot-starter-3.2.3.jar:/home/larsandre/.m2/repository/org/springframework/boot/spring-boot/3.2.3/spring-boot-3.2.3.jar:/home/larsandre/.m2/repository/org/springframework/boot/spring-boot-autoconfigure/3.2.3/spring-boot-autoconfigure-3.2.3.jar:/home/larsandre/.m2/repository/org/springframework/boot/spring-boot-starter-logging/3.2.3/spring-boot-starter-logging-3.2.3.jar:/home/larsandre/.m2/repository/org/apache/logging/log4j/log4j-to-slf4j/2.21.1/log4j-to-slf4j-2.21.1.jar:/home/larsandre/.m2/repository/org/apache/logging/log4j/log4j-api/2.21.1/log4j-api-2.21.1.jar:/home/larsandre/.m2/repository/org/slf4j/jul-to-slf4j/2.0.12/jul-to-slf4j-2.0.12.jar:/home/larsandre/.m2/repository/jakarta/annotation/jakarta.annotation-api/2.1.1/jakarta.annotation-api-2.1.1.jar:/home/larsandre/.m2/repository/org/yaml/snakeyaml/2.2/snakeyaml-2.2.jar:/home/larsandre/.m2/repository/org/springframework/boot/spring-boot-test/3.2.3/spring-boot-test-3.2.3.jar:/home/larsandre/.m2/repository/org/springframework/boot/spring-boot-test-autoconfigure/3.2.3/spring-boot-test-autoconfigure-3.2.3.jar:/home/larsandre/.m2/repository/com/jayway/jsonpath/json-path/2.9.0/json-path-2.9.0.jar:/home/larsandre/.m2/repository/jakarta/xml/bind/jakarta.xml.bind-api/4.0.1/jakarta.xml.bind-api-4.0.1.jar:/home/larsandre/.m2/repository/jakarta/activation/jakarta.activation-api/2.1.2/jakarta.activation-api-2.1.2.jar:/home/larsandre/.m2/repository/net/minidev/json-smart/2.5.0/json-smart-2.5.0.jar:/home/larsandre/.m2/repository/net/minidev/accessors-smart/2.5.0/accessors-smart-2.5.0.jar:/home/larsandre/.m2/repository/org/ow2/asm/asm/9.3/asm-9.3.jar:/home/larsandre/.m2/repository/org/assertj/assertj-core/3.24.2/assertj-core-3.24.2.jar:/home/larsandre/.m2/repository/net/bytebuddy/byte-buddy/1.12.21/byte-buddy-1.12.21.jar:/home/larsandre/.m2/repository/org/awaitility/awaitility/4.2.0/awaitility-4.2.0.jar:/home/larsandre/.m2/repository/org/hamcrest/hamcrest/2.2/hamcrest-2.2.jar:/home/larsandre/.m2/repository/org/junit/jupiter/junit-jupiter/5.10.2/junit-jupiter-5.10.2.jar:/home/larsandre/.m2/repository/org/junit/jupiter/junit-jupiter-params/5.10.2/junit-jupiter-params-5.10.2.jar:/home/larsandre/.m2/repository/org/mockito/mockito-core/5.7.0/mockito-core-5.7.0.jar:/home/larsandre/.m2/repository/net/bytebuddy/byte-buddy-agent/1.14.9/byte-buddy-agent-1.14.9.jar:/home/larsandre/.m2/repository/org/objenesis/objenesis/3.3/objenesis-3.3.jar:/home/larsandre/.m2/repository/org/mockito/mockito-junit-jupiter/5.7.0/mockito-junit-jupiter-5.7.0.jar:/home/larsandre/.m2/repository/org/skyscreamer/jsonassert/1.5.1/jsonassert-1.5.1.jar:/home/larsandre/.m2/repository/com/vaadin/external/google/android-json/0.0.20131108.vaadin1/android-json-0.0.20131108.vaadin1.jar:/home/larsandre/.m2/repository/org/springframework/spring-core/6.1.4/spring-core-6.1.4.jar:/home/larsandre/.m2/repository/org/springframework/spring-jcl/6.1.4/spring-jcl-6.1.4.jar:/home/larsandre/.m2/repository/org/springframework/spring-test/6.1.4/spring-test-6.1.4.jar:/home/larsandre/.m2/repository/org/xmlunit/xmlunit-core/2.9.1/xmlunit-core-2.9.1.jar:/home/larsandre/.m2/repository/org/hibernate/validator/hibernate-validator/8.0.1.Final/hibernate-validator-8.0.1.Final.jar:/home/larsandre/.m2/repository/jakarta/validation/jakarta.validation-api/3.0.2/jakarta.validation-api-3.0.2.jar:/home/larsandre/.m2/repository/org/jboss/logging/jboss-logging/3.4.3.Final/jboss-logging-3.4.3.Final.jar:/home/larsandre/.m2/repository/com/fasterxml/classmate/1.5.1/classmate-1.5.1.jar:/home/larsandre/.m2/repository/org/springframework/boot/spring-boot-starter-data-jpa/3.2.3/spring-boot-starter-data-jpa-3.2.3.jar:/home/larsandre/.m2/repository/org/springframework/boot/spring-boot-starter-jdbc/3.2.3/spring-boot-starter-jdbc-3.2.3.jar:/home/larsandre/.m2/repository/com/zaxxer/HikariCP/5.0.1/HikariCP-5.0.1.jar:/home/larsandre/.m2/repository/org/springframework/spring-jdbc/6.1.4/spring-jdbc-6.1.4.jar:/home/larsandre/.m2/repository/org/hibernate/orm/hibernate-core/6.4.4.Final/hibernate-core-6.4.4.Final.jar:/home/larsandre/.m2/repository/jakarta/persistence/jakarta.persistence-api/3.1.0/jakarta.persistence-api-3.1.0.jar:/home/larsandre/.m2/repository/jakarta/transaction/jakarta.transaction-api/2.0.1/jakarta.transaction-api-2.0.1.jar:/home/larsandre/.m2/repository/org/hibernate/common/hibernate-commons-annotations/6.0.6.Final/hibernate-commons-annotations-6.0.6.Final.jar:/home/larsandre/.m2/repository/io/smallrye/jandex/3.1.2/jandex-3.1.2.jar:/home/larsandre/.m2/repository/org/glassfish/jaxb/jaxb-runtime/4.0.2/jaxb-runtime-4.0.2.jar:/home/larsandre/.m2/repository/org/glassfish/jaxb/jaxb-core/4.0.2/jaxb-core-4.0.2.jar:/home/larsandre/.m2/repository/org/eclipse/angus/angus-activation/2.0.0/angus-activation-2.0.0.jar:/home/larsandre/.m2/repository/org/glassfish/jaxb/txw2/4.0.2/txw2-4.0.2.jar:/home/larsandre/.m2/repository/com/sun/istack/istack-commons-runtime/4.1.1/istack-commons-runtime-4.1.1.jar:/home/larsandre/.m2/repository/jakarta/inject/jakarta.inject-api/2.0.1/jakarta.inject-api-2.0.1.jar:/home/larsandre/.m2/repository/org/antlr/antlr4-runtime/4.13.0/antlr4-runtime-4.13.0.jar:/home/larsandre/.m2/repository/org/springframework/data/spring-data-jpa/3.2.3/spring-data-jpa-3.2.3.jar:/home/larsandre/.m2/repository/org/springframework/data/spring-data-commons/3.2.3/spring-data-commons-3.2.3.jar:/home/larsandre/.m2/repository/org/springframework/spring-orm/6.1.4/spring-orm-6.1.4.jar:/home/larsandre/.m2/repository/org/springframework/spring-context/6.1.4/spring-context-6.1.4.jar:/home/larsandre/.m2/repository/org/springframework/spring-expression/6.1.4/spring-expression-6.1.4.jar:/home/larsandre/.m2/repository/io/micrometer/micrometer-observation/1.12.3/micrometer-observation-1.12.3.jar:/home/larsandre/.m2/repository/io/micrometer/micrometer-commons/1.12.3/micrometer-commons-1.12.3.jar:/home/larsandre/.m2/repository/org/springframework/spring-tx/6.1.4/spring-tx-6.1.4.jar:/home/larsandre/.m2/repository/org/springframework/spring-beans/6.1.4/spring-beans-6.1.4.jar:/home/larsandre/.m2/repository/org/springframework/spring-aspects/6.1.4/spring-aspects-6.1.4.jar:/home/larsandre/.m2/repository/org/springframework/boot/spring-boot-starter-aop/3.2.4/spring-boot-starter-aop-3.2.4.jar:/home/larsandre/.m2/repository/org/springframework/spring-aop/6.1.5/spring-aop-6.1.5.jar:/home/larsandre/.m2/repository/org/aspectj/aspectjweaver/1.9.21/aspectjweaver-1.9.21.jar:/home/larsandre/.m2/repository/com/mysql/mysql-connector-j/8.0.33/mysql-connector-j-8.0.33.jar:/home/larsandre/.m2/repository/com/google/protobuf/protobuf-java/3.21.9/protobuf-java-3.21.9.jar:/home/larsandre/.m2/repository/com/h2database/h2/2.2.224/h2-2.2.224.jar:/home/larsandre/.m2/repository/junit/junit/4.13.1/junit-4.13.1.jar:/home/larsandre/.m2/repository/org/hamcrest/hamcrest-core/1.3/hamcrest-core-1.3.jar:"/>
    <property name="sun.cpu.endian" value="little"/>
    <property name="user.home" value="/home/larsandre"/>
    <property name="user.language" value="en"/>
    <property name="java.specification.vendor" value="Oracle Corporation"/>
    <property name="java.version.date" value="2024-01-16"/>
    <property name="java.home" value="/home/larsandre/.jdks/corretto-21.0.2"/>
    <property name="file.separator" value="/"/>
    <property name="basedir" value="/home/larsandre/Documents/studie/idatt1005-systemutvikling/Mat register app"/>
    <property name="java.vm.compressedOopsMode" value="Zero based"/>
    <property name="line.separator" value="&#10;"/>
    <property name="java.specification.name" value="Java Platform API Specification"/>
    <property name="java.vm.specification.vendor" value="Oracle Corporation"/>
    <property name="FILE_LOG_CHARSET" value="UTF-8"/>
    <property name="java.awt.headless" value="true"/>
    <property name="surefire.real.class.path" value="/home/larsandre/Documents/studie/idatt1005-systemutvikling/Mat register app/target/surefire/surefirebooter9507210770680822640.jar"/>
    <property name="sun.management.compiler" value="HotSpot 64-Bit Tiered Compilers"/>
    <property name="java.runtime.version" value="21.0.2+14-LTS"/>
    <property name="user.name" value="larsandre"/>
    <property name="stdout.encoding" value="UTF-8"/>
    <property name="path.separator" value=":"/>
    <property name="os.version" value="6.6.28-1-lts"/>
    <property name="java.runtime.name" value="OpenJDK Runtime Environment"/>
    <property name="file.encoding" value="UTF-8"/>
    <property name="java.vm.name" value="OpenJDK 64-Bit Server VM"/>
    <property name="java.vendor.version" value="Corretto-21.0.2.14.1"/>
    <property name="localRepository" value="/home/larsandre/.m2/repository"/>
    <property name="java.vendor.url.bug" value="https://github.com/corretto/corretto-21/issues/"/>
    <property name="java.io.tmpdir" value="/tmp"/>
    <property name="idea.version" value="2024.1"/>
    <property name="com.zaxxer.hikari.pool_number" value="64"/>
    <property name="java.version" value="21.0.2"/>
    <property name="user.dir" value="/home/larsandre/Documents/studie/idatt1005-systemutvikling/Mat register app"/>
    <property name="os.arch" value="amd64"/>
    <property name="java.vm.specification.name" value="Java Virtual Machine Specification"/>
    <property name="PID" value="2871"/>
    <property name="CONSOLE_LOG_CHARSET" value="UTF-8"/>
    <property name="native.encoding" value="UTF-8"/>
    <property name="java.library.path" value="/usr/java/packages/lib:/usr/lib64:/lib64:/lib:/usr/lib"/>
    <property name="java.vm.info" value="mixed mode, sharing"/>
    <property name="stderr.encoding" value="UTF-8"/>
    <property name="java.vendor" value="Amazon.com Inc."/>
    <property name="java.vm.version" value="21.0.2+14-LTS"/>
    <property name="sun.io.unicode.encoding" value="UnicodeLittle"/>
    <property name="java.class.version" value="65.0"/>
  </properties>
  <testcase name="testConstructorNullName" classname="no.ntnu.idatt1005.data.TagTest$NegativeTests" time="0"/>
  <testcase name="testConstructorEmptyName" classname="no.ntnu.idatt1005.data.TagTest$NegativeTests" time="0.001"/>
  <testcase name="testConstructorEmptyCategory" classname="no.ntnu.idatt1005.data.TagTest$NegativeTests" time="0.001"/>
  <testcase name="testConstructorNullCategory" classname="no.ntnu.idatt1005.data.TagTest$NegativeTests" time="0.001"/>
</testsuite>